<?xml version="1.0" encoding="UTF-8"?>
<!-- Generated by org.testng.reporters.JUnitXMLReporter -->
<testsuite hostname="amagdy" ignored="0" name="Default test" tests="4" failures="0" timestamp="2021-04-10T21:17:20 EET" time="2.994" errors="0">
  <testcase name="getProductRequestIfIEndPointIsInvalid" time="2.613" classname="BestBuy.BestBuy_Automation.GetProductAPITest"/>
  <testcase name="getProductRequestIfIdIsInvalid" time="0.054" classname="BestBuy.BestBuy_Automation.GetProductAPITest"/>
  <testcase name="getProductRequestIfIdIsNull" time="0.024" classname="BestBuy.BestBuy_Automation.GetProductAPITest"/>
  <testcase name="getProductRequestIfIdIsValid" time="0.193" classname="BestBuy.BestBuy_Automation.GetProductAPITest"/>
</testsuite> <!-- Default test -->
