<?xml version="1.0" encoding="UTF-8"?>
<testng-results skipped="0" failed="0" ignored="0" total="6" passed="6">
  <reporter-output>
  </reporter-output>
  <suite name="Default suite" duration-ms="79507" started-at="2021-04-11T00:02:19 EET" finished-at="2021-04-11T00:03:39 EET">
    <groups>
    </groups>
    <test name="Default test" duration-ms="79507" started-at="2021-04-11T00:02:19 EET" finished-at="2021-04-11T00:03:39 EET">
      <class name="facebook.facebook_login.LoginTest">
        <test-method status="PASS" signature="setUp()[pri:0, instance:facebook.facebook_login.LoginTest@7ce3cb8e]" name="setUp" is-config="true" duration-ms="4701" started-at="2021-04-11T00:02:19 EET" finished-at="2021-04-11T00:02:24 EET">
          <reporter-output>
          </reporter-output>
        </test-method> <!-- setUp -->
        <test-method status="PASS" signature="loginWithEmptyEmail()[pri:0, instance:facebook.facebook_login.LoginTest@7ce3cb8e]" name="loginWithEmptyEmail" duration-ms="6968" started-at="2021-04-11T00:02:24 EET" description="Login with empty email" finished-at="2021-04-11T00:02:31 EET">
          <reporter-output>
          </reporter-output>
        </test-method> <!-- loginWithEmptyEmail -->
        <test-method status="PASS" signature="closeBrowser()[pri:0, instance:facebook.facebook_login.LoginTest@7ce3cb8e]" name="closeBrowser" is-config="true" duration-ms="901" started-at="2021-04-11T00:02:31 EET" finished-at="2021-04-11T00:02:32 EET">
          <reporter-output>
          </reporter-output>
        </test-method> <!-- closeBrowser -->
        <test-method status="PASS" signature="setUp()[pri:0, instance:facebook.facebook_login.LoginTest@7ce3cb8e]" name="setUp" is-config="true" duration-ms="3435" started-at="2021-04-11T00:02:32 EET" finished-at="2021-04-11T00:02:35 EET">
          <reporter-output>
          </reporter-output>
        </test-method> <!-- setUp -->
        <test-method status="PASS" signature="loginWithEmptyEmailAndPassword()[pri:0, instance:facebook.facebook_login.LoginTest@7ce3cb8e]" name="loginWithEmptyEmailAndPassword" duration-ms="4807" started-at="2021-04-11T00:02:35 EET" description="Login with empty credentials" finished-at="2021-04-11T00:02:40 EET">
          <reporter-output>
          </reporter-output>
        </test-method> <!-- loginWithEmptyEmailAndPassword -->
        <test-method status="PASS" signature="closeBrowser()[pri:0, instance:facebook.facebook_login.LoginTest@7ce3cb8e]" name="closeBrowser" is-config="true" duration-ms="723" started-at="2021-04-11T00:02:40 EET" finished-at="2021-04-11T00:02:41 EET">
          <reporter-output>
          </reporter-output>
        </test-method> <!-- closeBrowser -->
        <test-method status="PASS" signature="setUp()[pri:0, instance:facebook.facebook_login.LoginTest@7ce3cb8e]" name="setUp" is-config="true" duration-ms="3423" started-at="2021-04-11T00:02:41 EET" finished-at="2021-04-11T00:02:44 EET">
          <reporter-output>
          </reporter-output>
        </test-method> <!-- setUp -->
        <test-method status="PASS" signature="loginWithEmptyPassword()[pri:0, instance:facebook.facebook_login.LoginTest@7ce3cb8e]" name="loginWithEmptyPassword" duration-ms="8470" started-at="2021-04-11T00:02:44 EET" description="Login with empty password" finished-at="2021-04-11T00:02:53 EET">
          <reporter-output>
          </reporter-output>
        </test-method> <!-- loginWithEmptyPassword -->
        <test-method status="PASS" signature="closeBrowser()[pri:0, instance:facebook.facebook_login.LoginTest@7ce3cb8e]" name="closeBrowser" is-config="true" duration-ms="664" started-at="2021-04-11T00:02:53 EET" finished-at="2021-04-11T00:02:53 EET">
          <reporter-output>
          </reporter-output>
        </test-method> <!-- closeBrowser -->
        <test-method status="PASS" signature="setUp()[pri:0, instance:facebook.facebook_login.LoginTest@7ce3cb8e]" name="setUp" is-config="true" duration-ms="3419" started-at="2021-04-11T00:02:53 EET" finished-at="2021-04-11T00:02:57 EET">
          <reporter-output>
          </reporter-output>
        </test-method> <!-- setUp -->
        <test-method status="PASS" signature="loginWithInvalidEmail()[pri:0, instance:facebook.facebook_login.LoginTest@7ce3cb8e]" name="loginWithInvalidEmail" duration-ms="5239" started-at="2021-04-11T00:02:57 EET" description="Login with invalid email" finished-at="2021-04-11T00:03:02 EET">
          <reporter-output>
          </reporter-output>
        </test-method> <!-- loginWithInvalidEmail -->
        <test-method status="PASS" signature="closeBrowser()[pri:0, instance:facebook.facebook_login.LoginTest@7ce3cb8e]" name="closeBrowser" is-config="true" duration-ms="644" started-at="2021-04-11T00:03:02 EET" finished-at="2021-04-11T00:03:03 EET">
          <reporter-output>
          </reporter-output>
        </test-method> <!-- closeBrowser -->
        <test-method status="PASS" signature="setUp()[pri:0, instance:facebook.facebook_login.LoginTest@7ce3cb8e]" name="setUp" is-config="true" duration-ms="3532" started-at="2021-04-11T00:03:03 EET" finished-at="2021-04-11T00:03:06 EET">
          <reporter-output>
          </reporter-output>
        </test-method> <!-- setUp -->
        <test-method status="PASS" signature="loginWithInvalidPassword()[pri:0, instance:facebook.facebook_login.LoginTest@7ce3cb8e]" name="loginWithInvalidPassword" duration-ms="7999" started-at="2021-04-11T00:03:06 EET" description="Login with invalid password" finished-at="2021-04-11T00:03:14 EET">
          <reporter-output>
          </reporter-output>
        </test-method> <!-- loginWithInvalidPassword -->
        <test-method status="PASS" signature="closeBrowser()[pri:0, instance:facebook.facebook_login.LoginTest@7ce3cb8e]" name="closeBrowser" is-config="true" duration-ms="682" started-at="2021-04-11T00:03:14 EET" finished-at="2021-04-11T00:03:15 EET">
          <reporter-output>
          </reporter-output>
        </test-method> <!-- closeBrowser -->
        <test-method status="PASS" signature="setUp()[pri:0, instance:facebook.facebook_login.LoginTest@7ce3cb8e]" name="setUp" is-config="true" duration-ms="3740" started-at="2021-04-11T00:03:15 EET" finished-at="2021-04-11T00:03:18 EET">
          <reporter-output>
          </reporter-output>
        </test-method> <!-- setUp -->
        <test-method status="PASS" signature="loginWithValidCredentials()[pri:0, instance:facebook.facebook_login.LoginTest@7ce3cb8e]" name="loginWithValidCredentials" duration-ms="19221" started-at="2021-04-11T00:03:19 EET" description="Login with valid credentials" finished-at="2021-04-11T00:03:38 EET">
          <reporter-output>
          </reporter-output>
        </test-method> <!-- loginWithValidCredentials -->
        <test-method status="PASS" signature="closeBrowser()[pri:0, instance:facebook.facebook_login.LoginTest@7ce3cb8e]" name="closeBrowser" is-config="true" duration-ms="774" started-at="2021-04-11T00:03:38 EET" finished-at="2021-04-11T00:03:39 EET">
          <reporter-output>
          </reporter-output>
        </test-method> <!-- closeBrowser -->
      </class> <!-- facebook.facebook_login.LoginTest -->
    </test> <!-- Default test -->
  </suite> <!-- Default suite -->
</testng-results>
