<?xml version="1.0" encoding="UTF-8"?>
<!-- Generated by org.testng.reporters.JUnitXMLReporter -->
<testsuite hostname="amagdy" ignored="0" name="Default test" tests="6" failures="0" timestamp="2021-04-11T00:03:39 EET" time="79.507" errors="0">
  <testcase name="loginWithEmptyEmail" time="6.968" classname="facebook.facebook_login.LoginTest"/>
  <testcase name="loginWithEmptyEmailAndPassword" time="4.807" classname="facebook.facebook_login.LoginTest"/>
  <testcase name="loginWithEmptyPassword" time="8.47" classname="facebook.facebook_login.LoginTest"/>
  <testcase name="loginWithInvalidEmail" time="5.239" classname="facebook.facebook_login.LoginTest"/>
  <testcase name="loginWithInvalidPassword" time="7.999" classname="facebook.facebook_login.LoginTest"/>
  <testcase name="loginWithValidCredentials" time="19.221" classname="facebook.facebook_login.LoginTest"/>
</testsuite> <!-- Default test -->
